<?xml version="1.0" encoding="UTF-8"?>
<testng-results ignored="0" total="1" passed="1" failed="0" skipped="0">
  <reporter-output>
  </reporter-output>
  <suite started-at="2022-04-09T00:01:20 IST" name="Default suite" finished-at="2022-04-09T00:01:27 IST" duration-ms="6887">
    <groups>
    </groups>
    <test started-at="2022-04-09T00:01:20 IST" name="Default test" finished-at="2022-04-09T00:01:27 IST" duration-ms="6887">
      <class name="ui.verifytitaltest">
        <test-method signature="TitleTest()[pri:0, instance:ui.verifytitaltest@647e447]" started-at="2022-04-09T00:01:20 IST" name="TitleTest" finished-at="2022-04-09T00:01:27 IST" duration-ms="6850" status="PASS">
          <reporter-output>
          </reporter-output>
        </test-method> <!-- TitleTest -->
      </class> <!-- ui.verifytitaltest -->
    </test> <!-- Default test -->
  </suite> <!-- Default suite -->
</testng-results>
